This is pdfTeX, Version 3.14159265-2.6-1.40.19 (TeX Live 2019/dev/Debian) (preloaded format=pdflatex 2019.1.10)  15 JAN 2019 14:10
entering extended mode
 restricted \write18 enabled.
 %&-line parsing enabled.
**report.tex
(./report.tex
LaTeX2e <2018-04-01> patch level 5
(/usr/share/texlive/texmf-dist/tex/latex/base/article.cls
Document Class: article 2014/09/29 v1.4h Standard LaTeX document class
(/usr/share/texlive/texmf-dist/tex/latex/base/size10.clo
File: size10.clo 2014/09/29 v1.4h Standard LaTeX file (size option)
)
\c@part=\count80
\c@section=\count81
\c@subsection=\count82
\c@subsubsection=\count83
\c@paragraph=\count84
\c@subparagraph=\count85
\c@figure=\count86
\c@table=\count87
\abovecaptionskip=\skip41
\belowcaptionskip=\skip42
\bibindent=\dimen102
) (./spconf.sty)
(/usr/share/texlive/texmf-dist/tex/latex/amsmath/amsmath.sty
Package: amsmath 2017/09/02 v2.17a AMS math features
\@mathmargin=\skip43

For additional information on amsmath, use the `?' option.
(/usr/share/texlive/texmf-dist/tex/latex/amsmath/amstext.sty
Package: amstext 2000/06/29 v2.01 AMS text

(/usr/share/texlive/texmf-dist/tex/latex/amsmath/amsgen.sty
File: amsgen.sty 1999/11/30 v2.0 generic functions
\@emptytoks=\toks14
\ex@=\dimen103
))
(/usr/share/texlive/texmf-dist/tex/latex/amsmath/amsbsy.sty
Package: amsbsy 1999/11/29 v1.2d Bold Symbols
\pmbraise@=\dimen104
)
(/usr/share/texlive/texmf-dist/tex/latex/amsmath/amsopn.sty
Package: amsopn 2016/03/08 v2.02 operator names
)
\inf@bad=\count88
LaTeX Info: Redefining \frac on input line 213.
\uproot@=\count89
\leftroot@=\count90
LaTeX Info: Redefining \overline on input line 375.
\classnum@=\count91
\DOTSCASE@=\count92
LaTeX Info: Redefining \ldots on input line 472.
LaTeX Info: Redefining \dots on input line 475.
LaTeX Info: Redefining \cdots on input line 596.
\Mathstrutbox@=\box26
\strutbox@=\box27
\big@size=\dimen105
LaTeX Font Info:    Redeclaring font encoding OML on input line 712.
LaTeX Font Info:    Redeclaring font encoding OMS on input line 713.
\macc@depth=\count93
\c@MaxMatrixCols=\count94
\dotsspace@=\muskip10
\c@parentequation=\count95
\dspbrk@lvl=\count96
\tag@help=\toks15
\row@=\count97
\column@=\count98
\maxfields@=\count99
\andhelp@=\toks16
\eqnshift@=\dimen106
\alignsep@=\dimen107
\tagshift@=\dimen108
\tagwidth@=\dimen109
\totwidth@=\dimen110
\lineht@=\dimen111
\@envbody=\toks17
\multlinegap=\skip44
\multlinetaggap=\skip45
\mathdisplay@stack=\toks18
LaTeX Info: Redefining \[ on input line 2817.
LaTeX Info: Redefining \] on input line 2818.
)
(/usr/share/texlive/texmf-dist/tex/latex/amsfonts/amssymb.sty
Package: amssymb 2013/01/14 v3.01 AMS font symbols

(/usr/share/texlive/texmf-dist/tex/latex/amsfonts/amsfonts.sty
Package: amsfonts 2013/01/14 v3.01 Basic AMSFonts support
\symAMSa=\mathgroup4
\symAMSb=\mathgroup5
LaTeX Font Info:    Overwriting math alphabet `\mathfrak' in version `bold'
(Font)                  U/euf/m/n --> U/euf/b/n on input line 106.
))
(/usr/share/texlive/texmf-dist/tex/latex/graphics/graphicx.sty
Package: graphicx 2017/06/01 v1.1a Enhanced LaTeX Graphics (DPC,SPQR)

(/usr/share/texlive/texmf-dist/tex/latex/graphics/keyval.sty
Package: keyval 2014/10/28 v1.15 key=value parser (DPC)
\KV@toks@=\toks19
)
(/usr/share/texlive/texmf-dist/tex/latex/graphics/graphics.sty
Package: graphics 2017/06/25 v1.2c Standard LaTeX Graphics (DPC,SPQR)

(/usr/share/texlive/texmf-dist/tex/latex/graphics/trig.sty
Package: trig 2016/01/03 v1.10 sin cos tan (DPC)
)
(/usr/share/texlive/texmf-dist/tex/latex/graphics-cfg/graphics.cfg
File: graphics.cfg 2016/06/04 v1.11 sample graphics configuration
)
Package graphics Info: Driver file: pdftex.def on input line 99.

(/usr/share/texlive/texmf-dist/tex/latex/graphics-def/pdftex.def
File: pdftex.def 2018/01/08 v1.0l Graphics/color driver for pdftex
))
\Gin@req@height=\dimen112
\Gin@req@width=\dimen113
)
(/usr/share/texlive/texmf-dist/tex/latex/hyperref/hyperref.sty
Package: hyperref 2018/02/06 v6.86b Hypertext links for LaTeX

(/usr/share/texlive/texmf-dist/tex/generic/oberdiek/hobsub-hyperref.sty
Package: hobsub-hyperref 2016/05/16 v1.14 Bundle oberdiek, subset hyperref (HO)


(/usr/share/texlive/texmf-dist/tex/generic/oberdiek/hobsub-generic.sty
Package: hobsub-generic 2016/05/16 v1.14 Bundle oberdiek, subset generic (HO)
Package: hobsub 2016/05/16 v1.14 Construct package bundles (HO)
Package: infwarerr 2016/05/16 v1.4 Providing info/warning/error messages (HO)
Package: ltxcmds 2016/05/16 v1.23 LaTeX kernel commands for general use (HO)
Package: ifluatex 2016/05/16 v1.4 Provides the ifluatex switch (HO)
Package ifluatex Info: LuaTeX not detected.
Package: ifvtex 2016/05/16 v1.6 Detect VTeX and its facilities (HO)
Package ifvtex Info: VTeX not detected.
Package: intcalc 2016/05/16 v1.2 Expandable calculations with integers (HO)
Package: ifpdf 2017/03/15 v3.2 Provides the ifpdf switch
Package: etexcmds 2016/05/16 v1.6 Avoid name clashes with e-TeX commands (HO)
Package: kvsetkeys 2016/05/16 v1.17 Key value parser (HO)
Package: kvdefinekeys 2016/05/16 v1.4 Define keys (HO)
Package: pdftexcmds 2018/01/30 v0.27 Utility functions of pdfTeX for LuaTeX (HO
)
Package pdftexcmds Info: LuaTeX not detected.
Package pdftexcmds Info: \pdf@primitive is available.
Package pdftexcmds Info: \pdf@ifprimitive is available.
Package pdftexcmds Info: \pdfdraftmode found.
Package: pdfescape 2016/05/16 v1.14 Implements pdfTeX's escape features (HO)
Package: bigintcalc 2016/05/16 v1.4 Expandable calculations on big integers (HO
)
Package: bitset 2016/05/16 v1.2 Handle bit-vector datatype (HO)
Package: uniquecounter 2016/05/16 v1.3 Provide unlimited unique counter (HO)
)
Package hobsub Info: Skipping package `hobsub' (already loaded).
Package: letltxmacro 2016/05/16 v1.5 Let assignment for LaTeX macros (HO)
Package: hopatch 2016/05/16 v1.3 Wrapper for package hooks (HO)
Package: xcolor-patch 2016/05/16 xcolor patch
Package: atveryend 2016/05/16 v1.9 Hooks at the very end of document (HO)
Package atveryend Info: \enddocument detected (standard20110627).
Package: atbegshi 2016/06/09 v1.18 At begin shipout hook (HO)
Package: refcount 2016/05/16 v3.5 Data extraction from label references (HO)
Package: hycolor 2016/05/16 v1.8 Color options for hyperref/bookmark (HO)
)
(/usr/share/texlive/texmf-dist/tex/generic/ifxetex/ifxetex.sty
Package: ifxetex 2010/09/12 v0.6 Provides ifxetex conditional
)
(/usr/share/texlive/texmf-dist/tex/latex/oberdiek/auxhook.sty
Package: auxhook 2016/05/16 v1.4 Hooks for auxiliary files (HO)
)
(/usr/share/texlive/texmf-dist/tex/latex/oberdiek/kvoptions.sty
Package: kvoptions 2016/05/16 v3.12 Key value format for package options (HO)
)
\@linkdim=\dimen114
\Hy@linkcounter=\count100
\Hy@pagecounter=\count101

(/usr/share/texlive/texmf-dist/tex/latex/hyperref/pd1enc.def
File: pd1enc.def 2018/02/06 v6.86b Hyperref: PDFDocEncoding definition (HO)
Now handling font encoding PD1 ...
... no UTF-8 mapping file for font encoding PD1
)
\Hy@SavedSpaceFactor=\count102

(/usr/share/texlive/texmf-dist/tex/latex/latexconfig/hyperref.cfg
File: hyperref.cfg 2002/06/06 v1.2 hyperref configuration of TeXLive
)
Package hyperref Info: Hyper figures OFF on input line 4509.
Package hyperref Info: Link nesting OFF on input line 4514.
Package hyperref Info: Hyper index ON on input line 4517.
Package hyperref Info: Plain pages OFF on input line 4524.
Package hyperref Info: Backreferencing OFF on input line 4529.
Package hyperref Info: Implicit mode ON; LaTeX internals redefined.
Package hyperref Info: Bookmarks ON on input line 4762.
\c@Hy@tempcnt=\count103

(/usr/share/texlive/texmf-dist/tex/latex/url/url.sty
\Urlmuskip=\muskip11
Package: url 2013/09/16  ver 3.4  Verb mode for urls, etc.
)
LaTeX Info: Redefining \url on input line 5115.
\XeTeXLinkMargin=\dimen115
\Fld@menulength=\count104
\Field@Width=\dimen116
\Fld@charsize=\dimen117
Package hyperref Info: Hyper figures OFF on input line 6369.
Package hyperref Info: Link nesting OFF on input line 6374.
Package hyperref Info: Hyper index ON on input line 6377.
Package hyperref Info: backreferencing OFF on input line 6384.
Package hyperref Info: Link coloring OFF on input line 6389.
Package hyperref Info: Link coloring with OCG OFF on input line 6394.
Package hyperref Info: PDF/A mode OFF on input line 6399.
LaTeX Info: Redefining \ref on input line 6439.
LaTeX Info: Redefining \pageref on input line 6443.
\Hy@abspage=\count105
\c@Item=\count106
\c@Hfootnote=\count107
)
Package hyperref Info: Driver (autodetected): hpdftex.

(/usr/share/texlive/texmf-dist/tex/latex/hyperref/hpdftex.def
File: hpdftex.def 2018/02/06 v6.86b Hyperref driver for pdfTeX
\Fld@listcount=\count108
\c@bookmark@seq@number=\count109

(/usr/share/texlive/texmf-dist/tex/latex/oberdiek/rerunfilecheck.sty
Package: rerunfilecheck 2016/05/16 v1.8 Rerun checks for auxiliary files (HO)
Package uniquecounter Info: New unique counter `rerunfilecheck' on input line 2
82.
)
\Hy@SectionHShift=\skip46
)
(/usr/share/texlive/texmf-dist/tex/latex/caption/subcaption.sty
Package: subcaption 2018/05/01 v1.1-162 Sub-captions (AR)

(/usr/share/texlive/texmf-dist/tex/latex/caption/caption.sty
Package: caption 2018/05/01 v3.3-147 Customizing captions (AR)

(/usr/share/texlive/texmf-dist/tex/latex/caption/caption3.sty
Package: caption3 2018/05/27 v1.8a caption3 kernel (AR)
Package caption3 Info: TeX engine: e-TeX on input line 64.
\captionmargin=\dimen118
\captionmargin@=\dimen119
\captionwidth=\dimen120
\caption@tempdima=\dimen121
\caption@indent=\dimen122
\caption@parindent=\dimen123
\caption@hangindent=\dimen124
Package caption Info: Unknown document class (or package),
(caption)             standard defaults will be used.
)

Package caption Warning: Unsupported document class (or package) detected,
(caption)                usage of the caption package is not recommended.
See the caption package documentation for explanation.

Package caption Info: \@makecaption = \long macro:#1#2-> \vskip 10pt \setbox \@
tempboxa \hbox {#1. #2} \ifdim \wd \@tempboxa >\hsize #1. #2\par \else \hbox to
\hsize {\hfil \box \@tempboxa \hfil } \fi .
\c@ContinuedFloat=\count110
Package caption Info: hyperref package is loaded.
)
\c@subfigure=\count111
\c@subtable=\count112
) (/usr/share/texlive/texmf-dist/tex/latex/changes/changes.sty
Package: changes 2015/04/27 v2.0.4 changes package

*** changes package 2015/04/27 v2.0.4 ***
(/usr/share/texlive/texmf-dist/tex/latex/xkeyval/xkeyval.sty
Package: xkeyval 2014/12/03 v2.7a package option processing (HA)

(/usr/share/texlive/texmf-dist/tex/generic/xkeyval/xkeyval.tex
(/usr/share/texlive/texmf-dist/tex/generic/xkeyval/xkvutils.tex
\XKV@toks=\toks20
\XKV@tempa@toks=\toks21
)
\XKV@depth=\count113
File: xkeyval.tex 2014/12/03 v2.7a key=value parser (HA)
))
(/usr/share/texlive/texmf-dist/tex/latex/xifthen/xifthen.sty
Package: xifthen 2015/11/05 v1.4.0 Extended ifthen features

(/usr/share/texlive/texmf-dist/tex/latex/tools/calc.sty
Package: calc 2017/05/25 v4.3 Infix arithmetic (KKT,FJ)
\calc@Acount=\count114
\calc@Bcount=\count115
\calc@Adimen=\dimen125
\calc@Bdimen=\dimen126
\calc@Askip=\skip47
\calc@Bskip=\skip48
LaTeX Info: Redefining \setlength on input line 80.
LaTeX Info: Redefining \addtolength on input line 81.
\calc@Ccount=\count116
\calc@Cskip=\skip49
)
(/usr/share/texlive/texmf-dist/tex/latex/base/ifthen.sty
Package: ifthen 2014/09/29 v1.1c Standard LaTeX ifthen package (DPC)
)
(/usr/share/texlive/texmf-dist/tex/latex/ifmtarg/ifmtarg.sty
Package: ifmtarg 2018/04/16 v1.2b check for an empty argument
))
(/usr/share/texlive/texmf-dist/tex/latex/xcolor/xcolor.sty
Package: xcolor 2016/05/11 v2.12 LaTeX color extensions (UK)

(/usr/share/texlive/texmf-dist/tex/latex/graphics-cfg/color.cfg
File: color.cfg 2016/01/02 v1.6 sample color configuration
)
Package xcolor Info: Driver file: pdftex.def on input line 225.
Package xcolor Info: Model `cmy' substituted by `cmy0' on input line 1348.
Package xcolor Info: Model `hsb' substituted by `rgb' on input line 1352.
Package xcolor Info: Model `RGB' extended on input line 1364.
Package xcolor Info: Model `HTML' substituted by `rgb' on input line 1366.
Package xcolor Info: Model `Hsb' substituted by `hsb' on input line 1367.
Package xcolor Info: Model `tHsb' substituted by `hsb' on input line 1368.
Package xcolor Info: Model `HSB' substituted by `hsb' on input line 1369.
Package xcolor Info: Model `Gray' substituted by `gray' on input line 1370.
Package xcolor Info: Model `wave' substituted by `hsb' on input line 1371.
)
(/usr/share/texlive/texmf-dist/tex/latex/oberdiek/pdfcolmk.sty
Package: pdfcolmk 2016/05/16 v1.3 Color support for pdfTeX via marks (HO)
Package pdfcolmk Info: The color stack of pdfTeX >= 1.40 is used. Therefore
(pdfcolmk)             this package is not necessary and not loaded.
)
(/usr/share/texlive/texmf-dist/tex/generic/ulem/ulem.sty
\UL@box=\box28
\UL@hyphenbox=\box29
\UL@skip=\skip50
\UL@hook=\toks22
\UL@height=\dimen127
\UL@pe=\count117
\UL@pixel=\dimen128
\ULC@box=\box30
Package: ulem 2012/05/18
\ULdepth=\dimen129
)
\c@Changes@AuthorCount=\count118
\c@Changes@Author=\count119
\c@Changes@AddCount=\count120
\c@Changes@DeleteCount=\count121
\c@Changes@ReplaceCount=\count122

(/usr/share/texlive/texmf-dist/tex/latex/truncate/truncate.sty
Package: truncate 2001/08/20  ver 3.6
\@Trunc@RestHyph=\toks23
)
\Changes@Len@summ=\skip51
)
(/usr/share/texlive/texmf-dist/tex/latex/algorithms/algorithm.sty
Package: algorithm 2009/08/24 v0.1 Document Style `algorithm' - floating enviro
nment

(/usr/share/texlive/texmf-dist/tex/latex/float/float.sty
Package: float 2001/11/08 v1.3d Float enhancements (AL)
\c@float@type=\count123
\float@exts=\toks24
\float@box=\box31
\@float@everytoks=\toks25
\@floatcapt=\box32
)
\@float@every@algorithm=\toks26
\c@algorithm=\count124
)
(/usr/share/texlive/texmf-dist/tex/latex/algorithmicx/algpseudocode.sty
Package: algpseudocode 

(/usr/share/texlive/texmf-dist/tex/latex/algorithmicx/algorithmicx.sty
Package: algorithmicx 2005/04/27 v1.2 Algorithmicx

Document Style algorithmicx 1.2 - a greatly improved `algorithmic' style
\c@ALG@line=\count125
\c@ALG@rem=\count126
\c@ALG@nested=\count127
\ALG@tlm=\skip52
\ALG@thistlm=\skip53
\c@ALG@Lnr=\count128
\c@ALG@blocknr=\count129
\c@ALG@storecount=\count130
\c@ALG@tmpcounter=\count131
\ALG@tmplength=\skip54
)
Document Style - pseudocode environments for use with the `algorithmicx' style
) (./report.aux

LaTeX Warning: Label `algorithm:cc2' multiply defined.

)
\openout1 = `report.aux'.

LaTeX Font Info:    Checking defaults for OML/cmm/m/it on input line 50.
LaTeX Font Info:    ... okay on input line 50.
LaTeX Font Info:    Checking defaults for T1/cmr/m/n on input line 50.
LaTeX Font Info:    ... okay on input line 50.
LaTeX Font Info:    Checking defaults for OT1/cmr/m/n on input line 50.
LaTeX Font Info:    ... okay on input line 50.
LaTeX Font Info:    Checking defaults for OMS/cmsy/m/n on input line 50.
LaTeX Font Info:    ... okay on input line 50.
LaTeX Font Info:    Checking defaults for OMX/cmex/m/n on input line 50.
LaTeX Font Info:    ... okay on input line 50.
LaTeX Font Info:    Checking defaults for U/cmr/m/n on input line 50.
LaTeX Font Info:    ... okay on input line 50.
LaTeX Font Info:    Checking defaults for PD1/pdf/m/n on input line 50.
LaTeX Font Info:    ... okay on input line 50.
LaTeX Font Info:    Try loading font information for OT1+ptm on input line 50.
 (/usr/share/texlive/texmf-dist/tex/latex/psnfss/ot1ptm.fd
File: ot1ptm.fd 2001/06/04 font definitions for OT1/ptm.
)
(/usr/share/texlive/texmf-dist/tex/context/base/mkii/supp-pdf.mkii
[Loading MPS to PDF converter (version 2006.09.02).]
\scratchcounter=\count132
\scratchdimen=\dimen130
\scratchbox=\box33
\nofMPsegments=\count133
\nofMParguments=\count134
\everyMPshowfont=\toks27
\MPscratchCnt=\count135
\MPscratchDim=\dimen131
\MPnumerator=\count136
\makeMPintoPDFobject=\count137
\everyMPtoPDFconversion=\toks28
) (/usr/share/texlive/texmf-dist/tex/latex/oberdiek/epstopdf-base.sty
Package: epstopdf-base 2016/05/15 v2.6 Base part for package epstopdf

(/usr/share/texlive/texmf-dist/tex/latex/oberdiek/grfext.sty
Package: grfext 2016/05/16 v1.2 Manage graphics extensions (HO)
)
Package epstopdf-base Info: Redefining graphics rule for `.eps' on input line 4
38.
Package grfext Info: Graphics extension search list:
(grfext)             [.pdf,.png,.jpg,.mps,.jpeg,.jbig2,.jb2,.PDF,.PNG,.JPG,.JPE
G,.JBIG2,.JB2,.eps]
(grfext)             \AppendGraphicsExtensions on input line 456.

(/usr/share/texlive/texmf-dist/tex/latex/latexconfig/epstopdf-sys.cfg
File: epstopdf-sys.cfg 2010/07/13 v1.3 Configuration of (r)epstopdf for TeX Liv
e
))
\AtBeginShipoutBox=\box34
Package hyperref Info: Link coloring OFF on input line 50.

(/usr/share/texlive/texmf-dist/tex/latex/hyperref/nameref.sty
Package: nameref 2016/05/21 v2.44 Cross-referencing by name of section

(/usr/share/texlive/texmf-dist/tex/generic/oberdiek/gettitlestring.sty
Package: gettitlestring 2016/05/16 v1.5 Cleanup title references (HO)
)
\c@section@level=\count138
)
LaTeX Info: Redefining \ref on input line 50.
LaTeX Info: Redefining \pageref on input line 50.
LaTeX Info: Redefining \nameref on input line 50.

(./report.out) (./report.out)
\@outlinefile=\write3
\openout3 = `report.out'.

Package caption Info: Begin \AtBeginDocument code.
Package caption Info: float package is loaded.
Package caption Info: End \AtBeginDocument code.
LaTeX Font Info:    Font shape `OT1/ptm/bx/n' in size <12> not available
(Font)              Font shape `OT1/ptm/b/n' tried instead on input line 54.
LaTeX Font Info:    Try loading font information for U+msa on input line 54.

(/usr/share/texlive/texmf-dist/tex/latex/amsfonts/umsa.fd
File: umsa.fd 2013/01/14 v3.01 AMS symbols A
)
LaTeX Font Info:    Try loading font information for U+msb on input line 54.

(/usr/share/texlive/texmf-dist/tex/latex/amsfonts/umsb.fd
File: umsb.fd 2013/01/14 v3.01 AMS symbols B
)
LaTeX Font Info:    Font shape `OT1/ptm/bx/n' in size <10> not available
(Font)              Font shape `OT1/ptm/b/n' tried instead on input line 58.

Overfull \hbox (4.10716pt too wide) in paragraph at lines 59--60
\OT1/ptm/m/n/10 based con-nected com-po-nents al-go-rithm orig-i-nally in-tro-d
uced
 []


Overfull \hbox (2.29689pt too wide) in paragraph at lines 59--60
\OT1/ptm/m/n/10 putes a lo-cal for-est rep-re-sent-ing the dif-fer-ent con-nect
ed com-
 []

(./introduction.tex
Overfull \hbox (1.02702pt too wide) in paragraph at lines 6--8
\OT1/ptm/m/n/10 which dis-tributes the work while still avoid-ing as much com-
 []

) (./algorithm.tex
Overfull \hbox (4.26741pt too wide) in paragraph at lines 9--14
\OT1/ptm/m/n/10 nected com-po-nents are the en-sem-ble of con-nected sub-graphs
,
 []


LaTeX Warning: Citation `PCompPaper' on page 1 undefined on input line 26.


Overfull \hbox (5.36649pt too wide) in paragraph at lines 25--31
\OT1/ptm/m/n/10 Unfortunately this al-go-rithm does not par-al-lelize []in a st
raight-
 []

Package hyperref Info: bookmark level for unknown algorithm defaults to 0 on in
put line 33.

Underfull \vbox (badness 10000) has occurred while \output is active []

 [1{/var/lib/texmf/fonts/map/pdftex/updmap/pdftex.map}



]
Overfull \hbox (7.82724pt too wide) in paragraph at lines 67--71
[]\OT1/ptm/m/n/10 An|   [][][] in-tu-itive proof of cor-rect-ness fol-lows: rul
e $\OT1/cmr/m/n/10 1$ \OT1/ptm/m/n/10 means
 []

LaTeX Font Info:    Try loading font information for OT1+pcr on input line 76.
(/usr/share/texlive/texmf-dist/tex/latex/psnfss/ot1pcr.fd
File: ot1pcr.fd 2001/06/04 font definitions for OT1/pcr.
)
Overfull \hbox (38.61848pt too wide) in paragraph at lines 72--78
\OT1/ptm/m/n/10 pir-i-cally that us-ing [][]\OT1/pcr/m/n/10 std::atomic_compare
_exchange_weak[]\OT1/ptm/m/n/10 ,
 []


Overfull \hbox (23.42911pt too wide) in paragraph at lines 72--78
\OT1/ptm/m/n/10 com-pared to [][]\OT1/pcr/m/n/10 std::atomic_compare_exchange_s
trong
 []

[2]
Overfull \hbox (9.6371pt too wide) in paragraph at lines 132--137
[]\OT1/ptm/b/n/10 Distributed ver-tices. \OT1/ptm/m/n/10 While the de-scribed a
p-proach works
 []


Overfull \hbox (7.09727pt too wide) in paragraph at lines 142--149
[]\OT1/ptm/m/n/10 We rep-re-sent this type of graphs with a very sim-ple model:

 []


Overfull \hbox (1.05707pt too wide) in paragraph at lines 142--149
\OT1/ptm/m/n/10 near-est neigh-bors only. We split the lat-tice in as many squa
re
 []

) (./results.tex
Overfull \hbox (3.20758pt too wide) in paragraph at lines 11--16
\OT1/ptm/m/n/10 only ver-sion speed-ing up as the graph be-comes sparser, while

 []

Package epstopdf Info: Source file: <plots/50000our_impl.eps>
(epstopdf)                    date: 2019-01-15 13:58:10
(epstopdf)                    size: 31158 bytes
(epstopdf)             Output file: <plots/50000our_impl-eps-converted-to.pdf>
(epstopdf)                    date: 2019-01-15 13:58:10
(epstopdf)                    size: 23756 bytes
(epstopdf)             Command: <repstopdf --outfile=plots/50000our_impl-eps-co
nverted-to.pdf plots/50000our_impl.eps>
(epstopdf)             \includegraphics on input line 19.
Package epstopdf Info: Output file is already uptodate.
<plots/50000our_impl-eps-converted-to.pdf, id=94, 722.7pt x 722.7pt>
File: plots/50000our_impl-eps-converted-to.pdf Graphic file (type pdf)
<use plots/50000our_impl-eps-converted-to.pdf>
Package pdftex.def Info: plots/50000our_impl-eps-converted-to.pdf  used on inpu
t line 19.
(pdftex.def)             Requested size: 74.68544pt x 74.67822pt.
Package epstopdf Info: Source file: <plots/10000our_impl.eps>
(epstopdf)                    date: 2019-01-15 13:58:10
(epstopdf)                    size: 31160 bytes
(epstopdf)             Output file: <plots/10000our_impl-eps-converted-to.pdf>
(epstopdf)                    date: 2019-01-15 13:58:10
(epstopdf)                    size: 23761 bytes
(epstopdf)             Command: <repstopdf --outfile=plots/10000our_impl-eps-co
nverted-to.pdf plots/10000our_impl.eps>
(epstopdf)             \includegraphics on input line 24.
Package epstopdf Info: Output file is already uptodate.
<plots/10000our_impl-eps-converted-to.pdf, id=95, 722.7pt x 722.7pt>
File: plots/10000our_impl-eps-converted-to.pdf Graphic file (type pdf)
<use plots/10000our_impl-eps-converted-to.pdf>
Package pdftex.def Info: plots/10000our_impl-eps-converted-to.pdf  used on inpu
t line 24.
(pdftex.def)             Requested size: 74.68544pt x 74.67822pt.
Package epstopdf Info: Source file: <plots/20000our_impl.eps>
(epstopdf)                    date: 2019-01-15 13:58:10
(epstopdf)                    size: 31160 bytes
(epstopdf)             Output file: <plots/20000our_impl-eps-converted-to.pdf>
(epstopdf)                    date: 2019-01-15 13:58:10
(epstopdf)                    size: 23860 bytes
(epstopdf)             Command: <repstopdf --outfile=plots/20000our_impl-eps-co
nverted-to.pdf plots/20000our_impl.eps>
(epstopdf)             \includegraphics on input line 29.
Package epstopdf Info: Output file is already uptodate.
<plots/20000our_impl-eps-converted-to.pdf, id=96, 722.7pt x 722.7pt>
File: plots/20000our_impl-eps-converted-to.pdf Graphic file (type pdf)
<use plots/20000our_impl-eps-converted-to.pdf>
Package pdftex.def Info: plots/20000our_impl-eps-converted-to.pdf  used on inpu
t line 29.
(pdftex.def)             Requested size: 74.68544pt x 74.67822pt.
Package epstopdf Info: Source file: <plots/20000mpi_mixtures_with_everything.ep
s>
(epstopdf)                    date: 2019-01-15 13:58:10
(epstopdf)                    size: 57600 bytes
(epstopdf)             Output file: <plots/20000mpi_mixtures_with_everything-ep
s-converted-to.pdf>
(epstopdf)                    date: 2019-01-15 13:58:10
(epstopdf)                    size: 36794 bytes
(epstopdf)             Command: <repstopdf --outfile=plots/20000mpi_mixtures_wi
th_everything-eps-converted-to.pdf plots/20000mpi_mixtures_with_everything.eps>

(epstopdf)             \includegraphics on input line 41.
Package epstopdf Info: Output file is already uptodate.
<plots/20000mpi_mixtures_with_everything-eps-converted-to.pdf, id=97, 4336.2pt 
x 2168.1pt>
File: plots/20000mpi_mixtures_with_everything-eps-converted-to.pdf Graphic file
 (type pdf)
<use plots/20000mpi_mixtures_with_everything-eps-converted-to.pdf>
Package pdftex.def Info: plots/20000mpi_mixtures_with_everything-eps-converted-
to.pdf  used on input line 41.
(pdftex.def)             Requested size: 248.96161pt x 124.45636pt.

Package caption Warning: \captionsetup{subtype*=...} or \subcaptionof
(caption)                outside box or environment on input line 42.
See the caption package documentation for explanation.


Package caption Warning: \subcaption
(caption)                outside box or environment on input line 42.
See the caption package documentation for explanation.


Overfull \hbox (11.3811pt too wide) in paragraph at lines 41--42
[][] 
 []


Package caption Warning: \subcaption
(caption)                outside box or environment on input line 43.
See the caption package documentation for explanation.

[3]
Package epstopdf Info: Source file: <plots/mpi_speedup_with_ref.eps>
(epstopdf)                    date: 2019-01-15 13:58:10
(epstopdf)                    size: 28870 bytes
(epstopdf)             Output file: <plots/mpi_speedup_with_ref-eps-converted-t
o.pdf>
(epstopdf)                    date: 2019-01-15 14:10:34
(epstopdf)                    size: 23000 bytes
(epstopdf)             Command: <repstopdf --outfile=plots/mpi_speedup_with_ref
-eps-converted-to.pdf plots/mpi_speedup_with_ref.eps>
(epstopdf)             \includegraphics on input line 53.
Package epstopdf Info: Output file is already uptodate.
<plots/mpi_speedup_with_ref-eps-converted-to.pdf, id=107, 462.72874pt x 346.293
75pt>
File: plots/mpi_speedup_with_ref-eps-converted-to.pdf Graphic file (type pdf)
<use plots/mpi_speedup_with_ref-eps-converted-to.pdf>
Package pdftex.def Info: plots/mpi_speedup_with_ref-eps-converted-to.pdf  used 
on input line 53.
(pdftex.def)             Requested size: 114.5202pt x 85.70135pt.
Package epstopdf Info: Source file: <plots/omp_speedup_with_ref.eps>
(epstopdf)                    date: 2019-01-15 13:58:10
(epstopdf)                    size: 29379 bytes
(epstopdf)             Output file: <plots/omp_speedup_with_ref-eps-converted-t
o.pdf>
(epstopdf)                    date: 2019-01-15 13:58:10
(epstopdf)                    size: 24448 bytes
(epstopdf)             Command: <repstopdf --outfile=plots/omp_speedup_with_ref
-eps-converted-to.pdf plots/omp_speedup_with_ref.eps>
(epstopdf)             \includegraphics on input line 58.
Package epstopdf Info: Output file is already uptodate.
<plots/omp_speedup_with_ref-eps-converted-to.pdf, id=108, 462.72874pt x 346.293
75pt>
File: plots/omp_speedup_with_ref-eps-converted-to.pdf Graphic file (type pdf)
<use plots/omp_speedup_with_ref-eps-converted-to.pdf>
Package pdftex.def Info: plots/omp_speedup_with_ref-eps-converted-to.pdf  used 
on input line 58.
(pdftex.def)             Requested size: 114.5202pt x 85.70135pt.
) (./conclusion.tex)
Overfull \hbox (7.61661pt too wide) in paragraph at lines 1--108
\OT1/ptm/m/n/10 par-al-lelism avail-able within shared mem-ory units while avoi
d-
 []

(./future_work.tex)
Underfull \hbox (badness 10000) in paragraph at lines 1--122

 []


Overfull \hbox (1.92763pt too wide) in paragraph at lines 1--122
\OT1/ptm/m/n/10 Another draw-back of our al-go-rithm is that in or-der to achie
ve
 []

(./report.bbl
Underfull \hbox (badness 10000) in paragraph at lines 10--17
[]\OT1/ptm/m/n/10 Lukas Gi-an-i-nazzi, Pavel Kalvoda, Alessan-
 []


Underfull \hbox (badness 1308) in paragraph at lines 10--17
\OT1/ptm/m/n/10 ``Communication-Avoiding Par-al-lel Min-i-mum Cuts
 []

[4 <./plots/50000our_impl-eps-converted-to.pdf> <./plots/10000our_impl-eps-conv
erted-to.pdf> <./plots/20000our_impl-eps-converted-to.pdf> <./plots/20000mpi_mi
xtures_with_everything-eps-converted-to.pdf> <./plots/mpi_speedup_with_ref-eps-
converted-to.pdf> <./plots/omp_speedup_with_ref-eps-converted-to.pdf>]
Underfull \hbox (badness 3407) in paragraph at lines 80--84
[]\OT1/ptm/m/n/10 Farzad Kho-rasani, Ra-jiv Gupta, and Laxmi N.
 []

)
\Changes@OutFile=\write4
\openout4 = `report.soc'.

Package atveryend Info: Empty hook `BeforeClearDocument' on input line 178.
 [5

]
Package atveryend Info: Empty hook `AfterLastShipout' on input line 178.
 (./report.aux)
Package atveryend Info: Executing hook `AtVeryEndDocument' on input line 178.
Package atveryend Info: Executing hook `AtEndAfterFileList' on input line 178.
Package rerunfilecheck Info: File `report.out' has not changed.
(rerunfilecheck)             Checksum: 01649C51AA1EEAB90319B9A4DA237BF9;298.


LaTeX Warning: There were undefined references.


LaTeX Warning: There were multiply-defined labels.

Package atveryend Info: Empty hook `AtVeryVeryEnd' on input line 178.
 ) 
Here is how much of TeX's memory you used:
 8943 strings out of 494461
 133550 string characters out of 6173860
 239498 words of memory out of 5000000
 12388 multiletter control sequences out of 15000+600000
 29433 words of font info for 71 fonts, out of 8000000 for 9000
 59 hyphenation exceptions out of 8191
 42i,9n,77p,1085b,601s stack positions out of 5000i,500n,10000p,200000b,80000s
{/usr/share/texlive/texmf-dist/fonts/enc/dvips/base/8r.enc}</usr/share/texliv
e/texmf-dist/fonts/type1/public/amsfonts/cm/cmmi10.pfb></usr/share/texlive/texm
f-dist/fonts/type1/public/amsfonts/cm/cmmi7.pfb></usr/share/texlive/texmf-dist/
fonts/type1/public/amsfonts/cm/cmr10.pfb></usr/share/texlive/texmf-dist/fonts/t
ype1/public/amsfonts/cm/cmr6.pfb></usr/share/texlive/texmf-dist/fonts/type1/pub
lic/amsfonts/cm/cmr7.pfb></usr/share/texlive/texmf-dist/fonts/type1/public/amsf
onts/cm/cmr9.pfb></usr/share/texlive/texmf-dist/fonts/type1/public/amsfonts/cm/
cmsy10.pfb></usr/share/texlive/texmf-dist/fonts/type1/public/amsfonts/cm/cmsy9.
pfb></usr/share/texlive/texmf-dist/fonts/type1/urw/courier/ucrr8a.pfb></usr/sha
re/texlive/texmf-dist/fonts/type1/urw/times/utmb8a.pfb></usr/share/texlive/texm
f-dist/fonts/type1/urw/times/utmr8a.pfb></usr/share/texlive/texmf-dist/fonts/ty
pe1/urw/times/utmri8a.pfb>
Output written on report.pdf (5 pages, 287067 bytes).
PDF statistics:
 393 PDF objects out of 1000 (max. 8388607)
 170 compressed objects within 2 object streams
 35 named destinations out of 1000 (max. 500000)
 79 words of extra memory for PDF output out of 10000 (max. 10000000)

